wear/build/intermediates/manifest_merge_blame_file/debug/processDebugMainManifest/manifest-merger-blame-debug-report.txt
1<?xml version="1.0" encoding="utf-8"?>
2<manifest xmlns:android="http://schemas.android.com/apk/res/android"
3    package="com.example.myapplication"
4    android:versionCode="1"
5    android:versionName="1.0" >
6
7    <uses-sdk
8        android:minSdkVersion="30"
9        android:targetSdkVersion="35" />
10
11    <uses-feature android:name="android.hardware.type.watch" />
11-->src\main\AndroidManifest.xml:4:5-64
11-->src\main\AndroidManifest.xml:4:19-61
12
13    <uses-permission android:name="android.permission.BODY_SENSORS" />
13-->src\main\AndroidManifest.xml:6:5-71
13-->src\main\AndroidManifest.xml:6:22-68
14    <uses-permission android:name="android.permission.BODY_SENSORS_BACKGROUND" />
14-->src\main\AndroidManifest.xml:7:5-82
14-->src\main\AndroidManifest.xml:7:22-79
15    <uses-permission android:name="android.permission.ACTIVITY_RECOGNITION" />
15-->src\main\AndroidManifest.xml:8:5-79
15-->src\main\AndroidManifest.xml:8:22-76
16    <uses-permission android:name="android.permission.BLUETOOTH" />
16-->src\main\AndroidManifest.xml:9:5-68
16-->src\main\AndroidManifest.xml:9:22-65
17    <uses-permission android:name="android.permission.BLUETOOTH_ADMIN" />
17-->src\main\AndroidManifest.xml:10:5-74
17-->src\main\AndroidManifest.xml:10:22-71
18    <uses-permission android:name="android.permission.BLUETOOTH_SCAN" />
18-->src\main\AndroidManifest.xml:11:5-73
18-->src\main\AndroidManifest.xml:11:22-70
19    <uses-permission android:name="android.permission.BLUETOOTH_CONNECT" />
19-->src\main\AndroidManifest.xml:12:5-76
19-->src\main\AndroidManifest.xml:12:22-73
20    <uses-permission android:name="android.permission.FOREGROUND_SERVICE" />
20-->src\main\AndroidManifest.xml:13:5-77
20-->src\main\AndroidManifest.xml:13:22-74
21    <uses-permission android:name="android.permission.FOREGROUND_SERVICE_CONNECTED_DEVICE" />
21-->src\main\AndroidManifest.xml:14:5-94
21-->src\main\AndroidManifest.xml:14:22-91
22    <uses-permission android:name="android.permission.FOREGROUND_SERVICE_HEALTH" />
22-->src\main\AndroidManifest.xml:15:5-84
22-->src\main\AndroidManifest.xml:15:22-81
23    <uses-permission android:name="android.permission.POST_NOTIFICATIONS" />
23-->src\main\AndroidManifest.xml:16:5-77
23-->src\main\AndroidManifest.xml:16:22-74
24    <uses-permission android:name="android.permission.WAKE_LOCK" />
24-->src\main\AndroidManifest.xml:17:5-68
24-->src\main\AndroidManifest.xml:17:22-65
25
26    <queries>
26-->[androidx.health:health-services-client:1.0.0] AndroidManifest.xml:19:5-21:15
27        <package android:name="com.google.android.wearable.healthservices" />
27-->[androidx.health:health-services-client:1.0.0] AndroidManifest.xml:20:9-78
27-->[androidx.health:health-services-client:1.0.0] AndroidManifest.xml:20:18-75
28    </queries>
29
30    <permission
30-->[androidx.core:core:1.15.0] AndroidManifest.xml:22:5-24:47
31        android:name="com.example.myapplication.DYNAMIC_RECEIVER_NOT_EXPORTED_PERMISSION"
31-->[androidx.core:core:1.15.0] AndroidManifest.xml:23:9-81
32        android:protectionLevel="signature" />
32-->[androidx.core:core:1.15.0] AndroidManifest.xml:24:9-44
33
34    <uses-permission android:name="com.example.myapplication.DYNAMIC_RECEIVER_NOT_EXPORTED_PERMISSION" />
34-->[androidx.core:core:1.15.0] AndroidManifest.xml:26:5-97
34-->[androidx.core:core:1.15.0] AndroidManifest.xml:26:22-94
35
36    <application
36-->src\main\AndroidManifest.xml:19:5-52:19
37        android:name="com.example.myapplication.wear.WearApplication"
37-->src\main\AndroidManifest.xml:20:9-40
38        android:allowBackup="true"
38-->src\main\AndroidManifest.xml:21:9-35
39        android:appComponentFactory="androidx.core.app.CoreComponentFactory"
39-->[androidx.core:core:1.15.0] AndroidManifest.xml:28:18-86
40        android:debuggable="true"
41        android:extractNativeLibs="false"
42        android:label="@string/app_name"
42-->src\main\AndroidManifest.xml:22:9-41
43        android:supportsRtl="true"
43-->src\main\AndroidManifest.xml:23:9-35
44        android:testOnly="true"
45        android:theme="@style/Theme.MyApplication" >
45-->src\main\AndroidManifest.xml:24:9-51
46        <uses-library
46-->src\main\AndroidManifest.xml:26:9-28:40
47            android:name="com.google.android.wearable"
47-->src\main\AndroidManifest.xml:27:13-55
48            android:required="false" />
48-->src\main\AndroidManifest.xml:28:13-37
49
50        <activity
50-->src\main\AndroidManifest.xml:30:9-37:20
51            android:name="com.example.myapplication.wear.MainActivity"
51-->src\main\AndroidManifest.xml:31:13-41
52            android:exported="true" >
52-->src\main\AndroidManifest.xml:32:13-36
53            <intent-filter>
53-->src\main\AndroidManifest.xml:33:13-36:29
54                <action android:name="android.intent.action.MAIN" />
54-->src\main\AndroidManifest.xml:34:17-69
54-->src\main\AndroidManifest.xml:34:25-66
55
56                <category android:name="android.intent.category.LAUNCHER" />
56-->src\main\AndroidManifest.xml:35:17-77
56-->src\main\AndroidManifest.xml:35:27-74
57            </intent-filter>
58        </activity>
59
60        <meta-data
60-->src\main\AndroidManifest.xml:39:9-41:57
61            android:name="com.google.android.gms.wearable.CAPABILITIES"
61-->src\main\AndroidManifest.xml:40:13-72
62            android:resource="@xml/wear_capabilities" />
62-->src\main\AndroidManifest.xml:41:13-54
63
64        <service
64-->src\main\AndroidManifest.xml:43:9-47:70
65            android:name="com.example.myapplication.wear.service.WearSensorService"
65-->src\main\AndroidManifest.xml:44:13-54
66            android:enabled="true"
66-->src\main\AndroidManifest.xml:45:13-35
67            android:exported="false"
67-->src\main\AndroidManifest.xml:46:13-37
68            android:foregroundServiceType="connectedDevice|health" />
68-->src\main\AndroidManifest.xml:47:13-67
69
70        <meta-data
70-->src\main\AndroidManifest.xml:49:9-51:36
71            android:name="com.google.android.wearable.standalone"
71-->src\main\AndroidManifest.xml:50:13-66
72            android:value="true" />
72-->src\main\AndroidManifest.xml:51:13-33
73
74        <uses-library
74-->[androidx.wear:wear:1.4.0] AndroidManifest.xml:26:9-28:40
75            android:name="wear-sdk"
75-->[androidx.wear:wear:1.4.0] AndroidManifest.xml:27:13-36
76            android:required="false" />
76-->[androidx.wear:wear:1.4.0] AndroidManifest.xml:28:13-37
77
78        <activity
78-->[com.google.android.gms:play-services-base:18.5.0] AndroidManifest.xml:5:9-173
79            android:name="com.google.android.gms.common.api.GoogleApiActivity"
79-->[com.google.android.gms:play-services-base:18.5.0] AndroidManifest.xml:5:19-85
80            android:exported="false"
80-->[com.google.android.gms:play-services-base:18.5.0] AndroidManifest.xml:5:146-170
81            android:theme="@android:style/Theme.Translucent.NoTitleBar" />
81-->[com.google.android.gms:play-services-base:18.5.0] AndroidManifest.xml:5:86-145
82
83        <service
83-->[androidx.health:health-services-client:1.0.0] AndroidManifest.xml:24:9-31:19
84            android:name="androidx.health.services.client.VersionApiService"
84-->[androidx.health:health-services-client:1.0.0] AndroidManifest.xml:25:13-77
85            android:exported="true"
85-->[androidx.health:health-services-client:1.0.0] AndroidManifest.xml:26:13-36
86            android:permission="com.google.android.wearable.healthservices.permission.PASSIVE_DATA_BINDING" >
86-->[androidx.health:health-services-client:1.0.0] AndroidManifest.xml:27:13-108
87            <intent-filter>
87-->[androidx.health:health-services-client:1.0.0] AndroidManifest.xml:28:13-30:29
88                <action android:name="hs.versionclient.BIND" />
88-->[androidx.health:health-services-client:1.0.0] AndroidManifest.xml:29:17-64
88-->[androidx.health:health-services-client:1.0.0] AndroidManifest.xml:29:25-61
89            </intent-filter>
90        </service>
91
92        <provider
92-->[androidx.emoji2:emoji2:1.2.0] AndroidManifest.xml:24:9-32:20
93            android:name="androidx.startup.InitializationProvider"
93-->[androidx.emoji2:emoji2:1.2.0] AndroidManifest.xml:25:13-67
94            android:authorities="com.example.myapplication.androidx-startup"
94-->[androidx.emoji2:emoji2:1.2.0] AndroidManifest.xml:26:13-68
95            android:exported="false" >
95-->[androidx.emoji2:emoji2:1.2.0] AndroidManifest.xml:27:13-37
96            <meta-data
96-->[androidx.emoji2:emoji2:1.2.0] AndroidManifest.xml:29:13-31:52
97                android:name="androidx.emoji2.text.EmojiCompatInitializer"
97-->[androidx.emoji2:emoji2:1.2.0] AndroidManifest.xml:30:17-75
98                android:value="androidx.startup" />
98-->[androidx.emoji2:emoji2:1.2.0] AndroidManifest.xml:31:17-49
99            <meta-data
99-->[androidx.lifecycle:lifecycle-process:2.6.2] AndroidManifest.xml:29:13-31:52
100                android:name="androidx.lifecycle.ProcessLifecycleInitializer"
100-->[androidx.lifecycle:lifecycle-process:2.6.2] AndroidManifest.xml:30:17-78
101                android:value="androidx.startup" />
101-->[androidx.lifecycle:lifecycle-process:2.6.2] AndroidManifest.xml:31:17-49
102            <meta-data
102-->[androidx.profileinstaller:profileinstaller:1.3.1] AndroidManifest.xml:29:13-31:52
103                android:name="androidx.profileinstaller.ProfileInstallerInitializer"
103-->[androidx.profileinstaller:profileinstaller:1.3.1] AndroidManifest.xml:30:17-85
104                android:value="androidx.startup" />
104-->[androidx.profileinstaller:profileinstaller:1.3.1] AndroidManifest.xml:31:17-49
105        </provider>
106
107        <meta-data
107-->[com.google.android.gms:play-services-basement:18.4.0] AndroidManifest.xml:6:9-122
108            android:name="com.google.android.gms.version"
108-->[com.google.android.gms:play-services-basement:18.4.0] AndroidManifest.xml:6:20-65
109            android:value="@integer/google_play_services_version" />
109-->[com.google.android.gms:play-services-basement:18.4.0] AndroidManifest.xml:6:66-119
110
111        <receiver
111-->[androidx.profileinstaller:profileinstaller:1.3.1] AndroidManifest.xml:34:9-52:20
112            android:name="androidx.profileinstaller.ProfileInstallReceiver"
112-->[androidx.profileinstaller:profileinstaller:1.3.1] AndroidManifest.xml:35:13-76
113            android:directBootAware="false"
113-->[androidx.profileinstaller:profileinstaller:1.3.1] AndroidManifest.xml:36:13-44
114            android:enabled="true"
114-->[androidx.profileinstaller:profileinstaller:1.3.1] AndroidManifest.xml:37:13-35
115            android:exported="true"
115-->[androidx.profileinstaller:profileinstaller:1.3.1] AndroidManifest.xml:38:13-36
116            android:permission="android.permission.DUMP" >
116-->[androidx.profileinstaller:profileinstaller:1.3.1] AndroidManifest.xml:39:13-57
117            <intent-filter>
117-->[androidx.profileinstaller:profileinstaller:1.3.1] AndroidManifest.xml:40:13-42:29
118                <action android:name="androidx.profileinstaller.action.INSTALL_PROFILE" />
118-->[androidx.profileinstaller:profileinstaller:1.3.1] AndroidManifest.xml:41:17-91
118-->[androidx.profileinstaller:profileinstaller:1.3.1] AndroidManifest.xml:41:25-88
119            </intent-filter>
120            <intent-filter>
120-->[androidx.profileinstaller:profileinstaller:1.3.1] AndroidManifest.xml:43:13-45:29
121                <action android:name="androidx.profileinstaller.action.SKIP_FILE" />
121-->[androidx.profileinstaller:profileinstaller:1.3.1] AndroidManifest.xml:44:17-85
121-->[androidx.profileinstaller:profileinstaller:1.3.1] AndroidManifest.xml:44:25-82
122            </intent-filter>
123            <intent-filter>
123-->[androidx.profileinstaller:profileinstaller:1.3.1] AndroidManifest.xml:46:13-48:29
124                <action android:name="androidx.profileinstaller.action.SAVE_PROFILE" />
124-->[androidx.profileinstaller:profileinstaller:1.3.1] AndroidManifest.xml:47:17-88
124-->[androidx.profileinstaller:profileinstaller:1.3.1] AndroidManifest.xml:47:25-85
125            </intent-filter>
126            <intent-filter>
126-->[androidx.profileinstaller:profileinstaller:1.3.1] AndroidManifest.xml:49:13-51:29
127                <action android:name="androidx.profileinstaller.action.BENCHMARK_OPERATION" />
127-->[androidx.profileinstaller:profileinstaller:1.3.1] AndroidManifest.xml:50:17-95
127-->[androidx.profileinstaller:profileinstaller:1.3.1] AndroidManifest.xml:50:25-92
128            </intent-filter>
129        </receiver>
130    </application>
131
132</manifest>